<?xml version="1.0" encoding="UTF-8"?>
<!-- Generated by org.testng.reporters.JUnitReportReporter -->
<testsuite skipped="0" hostname="LAPTOP-DQ54Q26M" name="smokeTest.ATagsTest" tests="1" failures="0" timestamp="15 Mar 2019 20:41:42 GMT" time="5.597" errors="0">
  <testcase name="loginElementsPresentTest" time="5.597" classname="smokeTest.ATagsTest"/>
</testsuite> <!-- smokeTest.ATagsTest -->
