<?xml version="1.0" encoding="UTF-8"?>
<!-- Generated by org.testng.reporters.JUnitReportReporter -->
<testsuite skipped="0" hostname="LAPTOP-DQ54Q26M" name="tests.LoginDDT" tests="4" failures="0" timestamp="23 Apr 2019 20:49:46 GMT" time="19.130" errors="0">
  <testcase name="loginTest" time="4.263" classname="tests.LoginDDT"/>
  <testcase name="loginTest" time="4.646" classname="tests.LoginDDT"/>
  <testcase name="loginTest" time="5.496" classname="tests.LoginDDT"/>
  <testcase name="loginTest" time="4.725" classname="tests.LoginDDT"/>
</testsuite> <!-- tests.LoginDDT -->
